Sender: LSF System <lsfadmin@r01n07>
Subject: Job 3816160: <bash> in cluster <sustchpc> Done

Job <bash> was submitted from host <login03> by user <mae-zhonghc> in cluster <sustchpc> at Sat Jun  4 15:52:14 2022.
Job was executed on host(s) <r01n07>, in queue <ser>, as user <mae-zhonghc> in cluster <sustchpc> at Sat Jun  4 15:52:16 2022.
</work/mae-zhonghc> was used as the home directory.
</work/mae-zhonghc/hpc/HPC_project> was used as the working directory.
Started at Sat Jun  4 15:52:16 2022.
Terminated at Sat Jun  4 15:52:16 2022.
Results reported at Sat Jun  4 15:52:16 2022.

Your job looked like:

------------------------------------------------------------
# LSBATCH: User input
#!/bin/bash

#BSUB -J bash
#BSUB -q ser
#BSUB -n 1
#BSUB -e %bash.err
#BSUB -o %bash.out
#BSUB -R "span[ptile=1]"

module purge
module load hdf5/1.10.4-intel-18.4
module load intel/2018.4
module load gcc/9.3.0

./heat_trans


------------------------------------------------------------

Successfully completed.

Resource usage summary:

    CPU time :                                   0.40 sec.
    Max Memory :                                 -
    Average Memory :                             -
    Total Requested Memory :                     -
    Delta Memory :                               -
    Max Swap :                                   -
    Max Processes :                              -
    Max Threads :                                -
    Run time :                                   0 sec.
    Turnaround time :                            2 sec.

The output (if any) follows:

100, 0.010000, 0.010000, 0.000400, 5000


PS:

Read file <%bash.err> for stderr output of this job.

